# JRE version: Java(TM) SE Runtime Environment (8.0_66-b17) (build 1.8.0_66-b17)
# Java VM: Java HotSpot(TM) 64-Bit Server VM (25.66-b17 mixed mode windows-amd64 compressed oops)
Heap:
 PSYoungGen      total 252928K, used 206590K [0x00000000e0000000, 0x00000000f0f00000, 0x0000000100000000)
  eden space 245760K, 81% used [0x00000000e0000000,0x00000000ec38c6c0,0x00000000ef000000)
  from space 7168K, 88% used [0x00000000f0800000,0x00000000f0e33180,0x00000000f0f00000)
  to   space 15872K, 0% used [0x00000000ef000000,0x00000000ef000000,0x00000000eff80000)
 ParOldGen       total 69120K, used 33376K [0x00000000a0000000, 0x00000000a4380000, 0x00000000e0000000)
  object space 69120K, 48% used [0x00000000a0000000,0x00000000a20983e0,0x00000000a4380000)
 Metaspace       used 53083K, capacity 55066K, committed 55216K, reserved 1097728K
  class space    used 6278K, capacity 6829K, committed 6832K, reserved 1048576K
GC Heap History (10 events):
Event: 14.339 GC heap before
{Heap before GC invocations=14 (full 2):
 PSYoungGen      total 207360K, used 7573K [0x00000000e0000000, 0x00000000edb80000, 0x0000000100000000)
  eden space 190976K, 0% used [0x00000000e0000000,0x00000000e0000000,0x00000000eba80000)
  from space 16384K, 46% used [0x00000000ecb80000,0x00000000ed2e57f0,0x00000000edb80000)
  to   space 16896K, 0% used [0x00000000eba80000,0x00000000eba80000,0x00000000ecb00000)
 ParOldGen       total 43008K, used 29483K [0x00000000a0000000, 0x00000000a2a00000, 0x00000000e0000000)
  object space 43008K, 68% used [0x00000000a0000000,0x00000000a1ccaf28,0x00000000a2a00000)
 Metaspace       used 34664K, capacity 35170K, committed 35496K, reserved 1081344K
  class space    used 4171K, capacity 4332K, committed 4400K, reserved 1048576K
Event: 14.415 GC heap after
Heap after GC invocations=14 (full 2):
 PSYoungGen      total 207360K, used 0K [0x00000000e0000000, 0x00000000edb80000, 0x0000000100000000)
  eden space 190976K, 0% used [0x00000000e0000000,0x00000000e0000000,0x00000000eba80000)
  from space 16384K, 0% used [0x00000000ecb80000,0x00000000ecb80000,0x00000000edb80000)
  to   space 16896K, 0% used [0x00000000eba80000,0x00000000eba80000,0x00000000ecb00000)
 ParOldGen       total 69120K, used 19825K [0x00000000a0000000, 0x00000000a4380000, 0x00000000e0000000)
  object space 69120K, 28% used [0x00000000a0000000,0x00000000a135c7c8,0x00000000a4380000)
 Metaspace       used 34662K, capacity 35164K, committed 35496K, reserved 1081344K
  class space    used 4170K, capacity 4331K, committed 4400K, reserved 1048576K
}
Event: 32.871 GC heap before
{Heap before GC invocations=15 (full 2):
 PSYoungGen      total 207360K, used 190976K [0x00000000e0000000, 0x00000000edb80000, 0x0000000100000000)
  eden space 190976K, 100% used [0x00000000e0000000,0x00000000eba80000,0x00000000eba80000)
  from space 16384K, 0% used [0x00000000ecb80000,0x00000000ecb80000,0x00000000edb80000)
  to   space 16896K, 0% used [0x00000000eba80000,0x00000000eba80000,0x00000000ecb00000)
 ParOldGen       total 69120K, used 19825K [0x00000000a0000000, 0x00000000a4380000, 0x00000000e0000000)
  object space 69120K, 28% used [0x00000000a0000000,0x00000000a135c7c8,0x00000000a4380000)
 Metaspace       used 44611K, capacity 45326K, committed 45744K, reserved 1089536K
  class space    used 5308K, capacity 5526K, committed 5552K, reserved 1048576K
Event: 32.892 GC heap after
Heap after GC invocations=15 (full 2):
 PSYoungGen      total 207872K, used 11913K [0x00000000e0000000, 0x00000000edb80000, 0x0000000100000000)
  eden space 190976K, 0% used [0x00000000e0000000,0x00000000e0000000,0x00000000eba80000)
  from space 16896K, 70% used [0x00000000eba80000,0x00000000ec6224e0,0x00000000ecb00000)
  to   space 16384K, 0% used [0x00000000ecb80000,0x00000000ecb80000,0x00000000edb80000)
 ParOldGen       total 69120K, used 19833K [0x00000000a0000000, 0x00000000a4380000, 0x00000000e0000000)
  object space 69120K, 28% used [0x00000000a0000000,0x00000000a135e7c8,0x00000000a4380000)
 Metaspace       used 44611K, capacity 45326K, committed 45744K, reserved 1089536K
  class space    used 5308K, capacity 5526K, committed 5552K, reserved 1048576K
}
Event: 48.892 GC heap before
{Heap before GC invocations=16 (full 2):
 PSYoungGen      total 207872K, used 202889K [0x00000000e0000000, 0x00000000edb80000, 0x0000000100000000)
  eden space 190976K, 100% used [0x00000000e0000000,0x00000000eba80000,0x00000000eba80000)
  from space 16896K, 70% used [0x00000000eba80000,0x00000000ec6224e0,0x00000000ecb00000)
  to   space 16384K, 0% used [0x00000000ecb80000,0x00000000ecb80000,0x00000000edb80000)
 ParOldGen       total 69120K, used 19833K [0x00000000a0000000, 0x00000000a4380000, 0x00000000e0000000)
  object space 69120K, 28% used [0x00000000a0000000,0x00000000a135e7c8,0x00000000a4380000)
 Metaspace       used 47998K, capacity 49060K, committed 49328K, reserved 1093632K
  class space    used 5721K, capacity 5994K, committed 6064K, reserved 1048576K
Event: 48.911 GC heap after
Heap after GC invocations=16 (full 2):
 PSYoungGen      total 207872K, used 8761K [0x00000000e0000000, 0x00000000f1f80000, 0x0000000100000000)
  eden space 191488K, 0% used [0x00000000e0000000,0x00000000e0000000,0x00000000ebb00000)
  from space 16384K, 53% used [0x00000000ecb80000,0x00000000ed40e7b0,0x00000000edb80000)
  to   space 16896K, 0% used [0x00000000ebb00000,0x00000000ebb00000,0x00000000ecb80000)
 ParOldGen       total 69120K, used 25991K [0x00000000a0000000, 0x00000000a4380000, 0x00000000e0000000)
  object space 69120K, 37% used [0x00000000a0000000,0x00000000a1961ca8,0x00000000a4380000)
 Metaspace       used 47998K, capacity 49060K, committed 49328K, reserved 1093632K
  class space    used 5721K, capacity 5994K, committed 6064K, reserved 1048576K
}
Event: 69.475 GC heap before
{Heap before GC invocations=17 (full 2):
 PSYoungGen      total 207872K, used 200249K [0x00000000e0000000, 0x00000000f1f80000, 0x0000000100000000)
  eden space 191488K, 100% used [0x00000000e0000000,0x00000000ebb00000,0x00000000ebb00000)
  from space 16384K, 53% used [0x00000000ecb80000,0x00000000ed40e7b0,0x00000000edb80000)
  to   space 16896K, 0% used [0x00000000ebb00000,0x00000000ebb00000,0x00000000ecb80000)
 ParOldGen       total 69120K, used 25991K [0x00000000a0000000, 0x00000000a4380000, 0x00000000e0000000)
  object space 69120K, 37% used [0x00000000a0000000,0x00000000a1961ca8,0x00000000a4380000)
 Metaspace       used 51102K, capacity 52360K, committed 52528K, reserved 1095680K
  class space    used 6041K, capacity 6417K, committed 6448K, reserved 1048576K
Event: 69.495 GC heap after
Heap after GC invocations=17 (full 2):
 PSYoungGen      total 208384K, used 4354K [0x00000000e0000000, 0x00000000f1800000, 0x0000000100000000)
  eden space 191488K, 0% used [0x00000000e0000000,0x00000000e0000000,0x00000000ebb00000)
  from space 16896K, 25% used [0x00000000ebb00000,0x00000000ebf40870,0x00000000ecb80000)
  to   space 16384K, 0% used [0x00000000f0800000,0x00000000f0800000,0x00000000f1800000)
 ParOldGen       total 69120K, used 31080K [0x00000000a0000000, 0x00000000a4380000, 0x00000000e0000000)
  object space 69120K, 44% used [0x00000000a0000000,0x00000000a1e5a020,0x00000000a4380000)
 Metaspace       used 51102K, capacity 52360K, committed 52528K, reserved 1095680K
  class space    used 6041K, capacity 6417K, committed 6448K, reserved 1048576K
}
Event: 135.022 GC heap before
{Heap before GC invocations=18 (full 2):
 PSYoungGen      total 208384K, used 195842K [0x00000000e0000000, 0x00000000f1800000, 0x0000000100000000)
  eden space 191488K, 100% used [0x00000000e0000000,0x00000000ebb00000,0x00000000ebb00000)
  from space 16896K, 25% used [0x00000000ebb00000,0x00000000ebf40870,0x00000000ecb80000)
  to   space 16384K, 0% used [0x00000000f0800000,0x00000000f0800000,0x00000000f1800000)
 ParOldGen       total 69120K, used 31080K [0x00000000a0000000, 0x00000000a4380000, 0x00000000e0000000)
  object space 69120K, 44% used [0x00000000a0000000,0x00000000a1e5a020,0x00000000a4380000)
 Metaspace       used 52289K, capacity 53944K, committed 54064K, reserved 1097728K
  class space    used 6161K, capacity 6622K, committed 6704K, reserved 1048576K
Event: 135.048 GC heap after
Heap after GC invocations=18 (full 2):
 PSYoungGen      total 252928K, used 6348K [0x00000000e0000000, 0x00000000f0f00000, 0x0000000100000000)
  eden space 245760K, 0% used [0x00000000e0000000,0x00000000e0000000,0x00000000ef000000)
  from space 7168K, 88% used [0x00000000f0800000,0x00000000f0e33180,0x00000000f0f00000)
  to   space 15872K, 0% used [0x00000000ef000000,0x00000000ef000000,0x00000000eff80000)
 ParOldGen       total 69120K, used 33376K [0x00000000a0000000, 0x00000000a4380000, 0x00000000e0000000)
  object space 69120K, 48% used [0x00000000a0000000,0x00000000a20983e0,0x00000000a4380000)
 Metaspace       used 52289K, capacity 53944K, committed 54064K, reserved 1097728K
  class space    used 6161K, capacity 6622K, committed 6704K, reserved 1048576K
}

